<?xml version="1.0" encoding="UTF-8"?>
<!-- Generated by org.testng.reporters.JUnitXMLReporter -->
<testsuite ignored="1" hostname="DESKTOP-8EV8VJ6" failures="0" tests="1" name="Login2 Test" time="6.452" errors="0" timestamp="2022-11-04T14:21:44 CET">
  <testcase classname="testing.TestNG" name="testSelectFlight" time="2.971"/>
  <testcase classname="testing.TestNG" name="testInsertingUsersInformation" time="0.0">
    <ignored/>
  </testcase> <!-- testInsertingUsersInformation -->
</testsuite> <!-- Login2 Test -->
