<?xml version="1.0" encoding="UTF-8"?>
<!-- Generated by org.testng.reporters.JUnitXMLReporter -->
<testsuite ignored="1" hostname="DESKTOP-8EV8VJ6" failures="0" tests="1" name="Sum Test" time="7.714" errors="0" timestamp="2022-11-04T14:21:38 CET">
  <testcase classname="testing.TestNG" name="testSelectFlight" time="3.161"/>
  <testcase classname="testing.TestNG" name="testInsertingUsersInformation" time="0.0">
    <ignored/>
  </testcase> <!-- testInsertingUsersInformation -->
</testsuite> <!-- Sum Test -->
