<?xml version="1.0" encoding="UTF-8"?>
<testng-results total="1" passed="1" failed="0" skipped="0">
  <reporter-output>
  </reporter-output>
  <suite started-at="2022-11-04T14:57:02Z" name="Default suite" finished-at="2022-11-04T14:57:07Z" duration-ms="4765">
    <groups>
    </groups>
    <test started-at="2022-11-04T14:57:02Z" name="Default test" finished-at="2022-11-04T14:57:07Z" duration-ms="4765">
      <class name="flights.api_tests.TestNG">
        <test-method is-config="true" signature="beforeMethod()[pri:0, instance:flights.api_tests.TestNG@9ebe38b]" started-at="2022-11-04T15:57:02Z" name="beforeMethod" finished-at="2022-11-04T15:57:06Z" duration-ms="3192" status="PASS">
          <reporter-output>
          </reporter-output>
        </test-method> <!-- beforeMethod -->
        <test-method signature="f()[pri:0, instance:flights.api_tests.TestNG@9ebe38b]" started-at="2022-11-04T15:57:06Z" name="f" finished-at="2022-11-04T15:57:07Z" duration-ms="1419" status="PASS">
          <reporter-output>
          </reporter-output>
        </test-method> <!-- f -->
        <test-method is-config="true" signature="afterMethod()[pri:0, instance:flights.api_tests.TestNG@9ebe38b]" started-at="2022-11-04T15:57:07Z" name="afterMethod" finished-at="2022-11-04T15:57:07Z" duration-ms="146" status="PASS">
          <reporter-output>
          </reporter-output>
        </test-method> <!-- afterMethod -->
      </class> <!-- flights.api_tests.TestNG -->
    </test> <!-- Default test -->
  </suite> <!-- Default suite -->
</testng-results>
