<?xml version="1.0" encoding="UTF-8"?>
<testng-results ignored="0" total="2" passed="2" failed="0" skipped="0">
  <reporter-output>
  </reporter-output>
  <suite started-at="2022-11-04T12:34:41 CET" name="Login Test" finished-at="2022-11-04T12:34:54 CET" duration-ms="13039">
    <groups>
    </groups>
    <test started-at="2022-11-04T12:34:41 CET" name="Sum Test" finished-at="2022-11-04T12:34:48 CET" duration-ms="7180">
      <class name="testing.TestNG">
        <test-method is-config="true" signature="setUp()[pri:0, instance:testing.TestNG@243c4f91]" started-at="2022-11-04T12:34:41 CET" name="setUp" finished-at="2022-11-04T12:34:44 CET" duration-ms="3610" status="PASS">
          <reporter-output>
          </reporter-output>
        </test-method> <!-- setUp -->
        <test-method signature="testSelectFlight(java.lang.String,java.lang.String,java.lang.String,java.lang.String,java.lang.String)[pri:0, instance:testing.TestNG@243c4f91]" started-at="2022-11-04T12:34:44 CET" name="testSelectFlight" finished-at="2022-11-04T12:34:48 CET" duration-ms="3128" status="PASS">
          <params>
            <param index="0">
              <value>
                <![CDATA[picfost]]>
              </value>
            </param>
            <param index="1">
              <value>
                <![CDATA[password]]>
              </value>
            </param>
            <param index="2">
              <value>
                <![CDATA[Sao Paulo]]>
              </value>
            </param>
            <param index="3">
              <value>
                <![CDATA[11]]>
              </value>
            </param>
            <param index="4">
              <value>
                <![CDATA[Available Flights]]>
              </value>
            </param>
          </params>
          <reporter-output>
          </reporter-output>
        </test-method> <!-- testSelectFlight -->
        <test-method is-config="true" signature="close()[pri:0, instance:testing.TestNG@243c4f91]" started-at="2022-11-04T12:34:48 CET" name="close" finished-at="2022-11-04T12:34:48 CET" duration-ms="403" status="PASS">
          <reporter-output>
          </reporter-output>
        </test-method> <!-- close -->
      </class> <!-- testing.TestNG -->
    </test> <!-- Sum Test -->
    <test started-at="2022-11-04T12:34:48 CET" name="Login2 Test" finished-at="2022-11-04T12:34:54 CET" duration-ms="5788">
      <class name="testing.TestNG">
        <test-method is-config="true" signature="setUp()[pri:0, instance:testing.TestNG@16d04d3d]" started-at="2022-11-04T12:34:48 CET" name="setUp" finished-at="2022-11-04T12:34:50 CET" duration-ms="2230" status="PASS">
          <reporter-output>
          </reporter-output>
        </test-method> <!-- setUp -->
        <test-method signature="testSelectFlight(java.lang.String,java.lang.String,java.lang.String,java.lang.String,java.lang.String)[pri:0, instance:testing.TestNG@16d04d3d]" started-at="2022-11-04T12:34:50 CET" name="testSelectFlight" finished-at="2022-11-04T12:34:53 CET" duration-ms="3109" status="PASS">
          <params>
            <param index="0">
              <value>
                <![CDATA[picfost1337]]>
              </value>
            </param>
            <param index="1">
              <value>
                <![CDATA[passwordLeet!!$]]>
              </value>
            </param>
            <param index="2">
              <value>
                <![CDATA[Dublin]]>
              </value>
            </param>
            <param index="3">
              <value>
                <![CDATA[22]]>
              </value>
            </param>
            <param index="4">
              <value>
                <![CDATA[Available Flights]]>
              </value>
            </param>
          </params>
          <reporter-output>
          </reporter-output>
        </test-method> <!-- testSelectFlight -->
        <test-method is-config="true" signature="close()[pri:0, instance:testing.TestNG@16d04d3d]" started-at="2022-11-04T12:34:53 CET" name="close" finished-at="2022-11-04T12:34:54 CET" duration-ms="442" status="PASS">
          <reporter-output>
          </reporter-output>
        </test-method> <!-- close -->
      </class> <!-- testing.TestNG -->
    </test> <!-- Login2 Test -->
  </suite> <!-- Login Test -->
</testng-results>
